<?xml version="1.0" encoding="UTF-8"?>
<testng-results skipped="0" failed="0" ignored="0" total="1" passed="1">
  <reporter-output>
  </reporter-output>
  <suite name="Suite" duration-ms="679623" started-at="2019-03-19T08:34:13Z" finished-at="2019-03-19T08:45:32Z">
    <groups>
    </groups>
    <test name="Test" duration-ms="679623" started-at="2019-03-19T08:34:13Z" finished-at="2019-03-19T08:45:32Z">
      <class name="com.testScripts_Indonesia.Batumbu_RegisterasaSME">
        <test-method status="PASS" signature="setUpSuiteDetails(org.testng.ITestContext)[pri:0, instance:com.testScripts_Indonesia.Batumbu_RegisterasaSME@15d9bc04]" name="setUpSuiteDetails" is-config="true" duration-ms="180" started-at="2019-03-19T08:34:13Z" finished-at="2019-03-19T08:34:13Z">
          <params>
            <param index="0">
              <value>
                <![CDATA[org.testng.TestRunner@1acd952e]]>
              </value>
            </param>
          </params>
          <reporter-output>
          </reporter-output>
        </test-method> <!-- setUpSuiteDetails -->
        <test-method status="PASS" signature="BeforeClass()[pri:0, instance:com.testScripts_Indonesia.Batumbu_RegisterasaSME@15d9bc04]" name="BeforeClass" is-config="true" duration-ms="3013" started-at="2019-03-19T08:34:13Z" finished-at="2019-03-19T08:34:16Z">
          <reporter-output>
          </reporter-output>
        </test-method> <!-- BeforeClass -->
        <test-method status="PASS" signature="f(java.lang.String)[pri:0, instance:com.testScripts_Indonesia.Batumbu_RegisterasaSME@15d9bc04]" name="f" duration-ms="673234" started-at="2019-03-19T08:34:16Z" description="Scenario:1 - Test the functionality of Consumer with valid flow" finished-at="2019-03-19T08:45:29Z">
          <params>
            <param index="0">
              <value>
                <![CDATA[9]]>
              </value>
            </param>
          </params>
          <reporter-output>
          </reporter-output>
        </test-method> <!-- f -->
        <test-method status="PASS" signature="captureDesc(java.lang.reflect.Method)[pri:0, instance:com.testScripts_Indonesia.Batumbu_RegisterasaSME@15d9bc04]" name="captureDesc" is-config="true" duration-ms="0" started-at="2019-03-19T08:34:16Z" finished-at="2019-03-19T08:34:16Z">
          <params>
            <param index="0">
              <value>
                <![CDATA[public void com.testScripts_Indonesia.Batumbu_RegisterasaSME.f(java.lang.String) throws java.lang.Throwable]]>
              </value>
            </param>
          </params>
          <reporter-output>
          </reporter-output>
        </test-method> <!-- captureDesc -->
        <test-method status="PASS" signature="afterClass()[pri:0, instance:com.testScripts_Indonesia.Batumbu_RegisterasaSME@15d9bc04]" name="afterClass" is-config="true" duration-ms="1348" started-at="2019-03-19T08:45:31Z" finished-at="2019-03-19T08:45:32Z">
          <reporter-output>
          </reporter-output>
        </test-method> <!-- afterClass -->
        <test-method status="FAIL" signature="afterSuite()[pri:0, instance:com.testScripts_Indonesia.Batumbu_RegisterasaSME@15d9bc04]" name="afterSuite" is-config="true" duration-ms="18" started-at="2019-03-19T08:45:33Z" finished-at="2019-03-19T08:45:33Z">
          <exception class="java.lang.NoClassDefFoundError">
            <message>
              <![CDATA[com/sun/mail/util/MailLogger]]>
            </message>
            <full-stacktrace>
              <![CDATA[java.lang.NoClassDefFoundError: com/sun/mail/util/MailLogger
at javax.mail.Session.initLogger(Session.java:221)
at javax.mail.Session.<init>(Session.java:206)
at javax.mail.Session.getDefaultInstance(Session.java:316)
at com.baseClasses.Sendmail.ComposeGmail(Sendmail.java:30)
at com.baseClasses.BaseClass_Web.afterSuite(BaseClass_Web.java:974)
at sun.reflect.NativeMethodAccessorImpl.invoke0(Native Method)
at sun.reflect.NativeMethodAccessorImpl.invoke(NativeMethodAccessorImpl.java:62)
at sun.reflect.DelegatingMethodAccessorImpl.invoke(DelegatingMethodAccessorImpl.java:43)
at java.lang.reflect.Method.invoke(Method.java:498)
at org.testng.internal.MethodInvocationHelper.invokeMethod(MethodInvocationHelper.java:124)
at org.testng.internal.MethodInvocationHelper.invokeMethodConsideringTimeout(MethodInvocationHelper.java:59)
at org.testng.internal.Invoker.invokeConfigurationMethod(Invoker.java:455)
at org.testng.internal.Invoker.invokeConfigurations(Invoker.java:222)
at org.testng.internal.Invoker.invokeConfigurations(Invoker.java:142)
at org.testng.SuiteRunner.privateRun(SuiteRunner.java:425)
at org.testng.SuiteRunner.run(SuiteRunner.java:364)
at org.testng.SuiteRunnerWorker.runSuite(SuiteRunnerWorker.java:52)
at org.testng.SuiteRunnerWorker.run(SuiteRunnerWorker.java:84)
at org.testng.TestNG.runSuitesSequentially(TestNG.java:1208)
at org.testng.TestNG.runSuitesLocally(TestNG.java:1137)
at org.testng.TestNG.runSuites(TestNG.java:1049)
at org.testng.TestNG.run(TestNG.java:1017)
at org.testng.remote.AbstractRemoteTestNG.run(AbstractRemoteTestNG.java:114)
at org.testng.remote.RemoteTestNG.initAndRun(RemoteTestNG.java:251)
at org.testng.remote.RemoteTestNG.main(RemoteTestNG.java:77)
Caused by: java.lang.ClassNotFoundException: com.sun.mail.util.MailLogger
at java.net.URLClassLoader.findClass(URLClassLoader.java:381)
at java.lang.ClassLoader.loadClass(ClassLoader.java:424)
at sun.misc.Launcher$AppClassLoader.loadClass(Launcher.java:349)
at java.lang.ClassLoader.loadClass(ClassLoader.java:357)
... 25 more
]]>
            </full-stacktrace>
          </exception> <!-- java.lang.NoClassDefFoundError -->
          <reporter-output>
          </reporter-output>
        </test-method> <!-- afterSuite -->
      </class> <!-- com.testScripts_Indonesia.Batumbu_RegisterasaSME -->
    </test> <!-- Test -->
  </suite> <!-- Suite -->
</testng-results>
